<?xml version="1.0" encoding="UTF-8"?>
<!-- Generated by org.testng.reporters.JUnitReportReporter -->
<testsuite hostname="DESKTOP-2B3OB08" name="com.HomeOffice.qa.test.HomeOfficeSearchTest_ff" tests="2" failures="0" timestamp="11 Oct 2019 06:05:47 GMT" time="108.049" errors="0">
  <testcase name="homeOfficeSearchTest2" time="26.154" classname="com.HomeOffice.qa.test.HomeOfficeSearchTest_ff"/>
  <testcase name="homeOfficeSearchTest1" time="81.895" classname="com.HomeOffice.qa.test.HomeOfficeSearchTest_ff"/>
</testsuite> <!-- com.HomeOffice.qa.test.HomeOfficeSearchTest_ff -->
